# Logfile created on 2011-09-06 15:38:53 +0100 by logger.rb/25413
REQUESTING PAGE: GET / with {} and HTTP headers {}
REQUESTING PAGE: GET / with {} and HTTP headers {}
REQUESTING PAGE: GET / with {} and HTTP headers {}
REQUESTING PAGE: GET / with {} and HTTP headers {}
REQUESTING PAGE: GET /contact with {} and HTTP headers {"HTTP_REFERER"=>"/"}
REQUESTING PAGE: GET /faq with {} and HTTP headers {"HTTP_REFERER"=>"/contact"}
REQUESTING PAGE: GET / with {} and HTTP headers {}
REQUESTING PAGE: GET / with {} and HTTP headers {}
REQUESTING PAGE: GET / with {} and HTTP headers {}
REQUESTING PAGE: GET / with {} and HTTP headers {}
REQUESTING PAGE: GET / with {} and HTTP headers {}
REQUESTING PAGE: GET / with {} and HTTP headers {}
REQUESTING PAGE: GET /contact with {} and HTTP headers {"HTTP_REFERER"=>"/"}
REQUESTING PAGE: GET /faq with {} and HTTP headers {"HTTP_REFERER"=>"/contact"}
REQUESTING PAGE: GET / with {} and HTTP headers {}
REQUESTING PAGE: GET /contact with {} and HTTP headers {"HTTP_REFERER"=>"/"}
REQUESTING PAGE: GET /faq with {} and HTTP headers {"HTTP_REFERER"=>"/contact"}
REQUESTING PAGE: GET / with {} and HTTP headers {}
REQUESTING PAGE: GET /contact with {} and HTTP headers {"HTTP_REFERER"=>"/"}
REQUESTING PAGE: GET /faq with {} and HTTP headers {"HTTP_REFERER"=>"/contact"}
REQUESTING PAGE: GET /help with {} and HTTP headers {"HTTP_REFERER"=>"/faq"}
REQUESTING PAGE: GET / with {} and HTTP headers {}
REQUESTING PAGE: GET /contact with {} and HTTP headers {"HTTP_REFERER"=>"/"}
REQUESTING PAGE: GET /faq with {} and HTTP headers {"HTTP_REFERER"=>"/contact"}
REQUESTING PAGE: GET /help with {} and HTTP headers {"HTTP_REFERER"=>"/faq"}
REQUESTING PAGE: GET / with {} and HTTP headers {}
REQUESTING PAGE: GET /contact with {} and HTTP headers {"HTTP_REFERER"=>"/"}
REQUESTING PAGE: GET /faq with {} and HTTP headers {"HTTP_REFERER"=>"/contact"}
REQUESTING PAGE: GET /help with {} and HTTP headers {"HTTP_REFERER"=>"/faq"}
REQUESTING PAGE: GET / with {} and HTTP headers {}
REQUESTING PAGE: GET /contact with {} and HTTP headers {"HTTP_REFERER"=>"/"}
REQUESTING PAGE: GET /faq with {} and HTTP headers {"HTTP_REFERER"=>"/contact"}
REQUESTING PAGE: GET /help with {} and HTTP headers {"HTTP_REFERER"=>"/faq"}
REQUESTING PAGE: GET /community with {} and HTTP headers {"HTTP_REFERER"=>"/help"}
REQUESTING PAGE: GET /gallery with {} and HTTP headers {"HTTP_REFERER"=>"/community"}
REQUESTING PAGE: GET /multimedia with {} and HTTP headers {"HTTP_REFERER"=>"/gallery"}
REQUESTING PAGE: GET /ranking with {} and HTTP headers {"HTTP_REFERER"=>"/multimedia"}
REQUESTING PAGE: GET / with {} and HTTP headers {}
REQUESTING PAGE: GET /contact with {} and HTTP headers {"HTTP_REFERER"=>"/"}
REQUESTING PAGE: GET /faq with {} and HTTP headers {"HTTP_REFERER"=>"/contact"}
REQUESTING PAGE: GET /help with {} and HTTP headers {"HTTP_REFERER"=>"/faq"}
REQUESTING PAGE: GET /community with {} and HTTP headers {"HTTP_REFERER"=>"/help"}
REQUESTING PAGE: GET /gallery with {} and HTTP headers {"HTTP_REFERER"=>"/community"}
REQUESTING PAGE: GET /multimedia with {} and HTTP headers {"HTTP_REFERER"=>"/gallery"}
REQUESTING PAGE: GET /ranking with {} and HTTP headers {"HTTP_REFERER"=>"/multimedia"}
REQUESTING PAGE: GET /blog with {} and HTTP headers {"HTTP_REFERER"=>"/ranking"}
REQUESTING PAGE: GET / with {} and HTTP headers {}
REQUESTING PAGE: GET /signup with {} and HTTP headers {"HTTP_REFERER"=>"/"}
REQUESTING PAGE: GET /contact with {} and HTTP headers {"HTTP_REFERER"=>"/signup"}
REQUESTING PAGE: GET /faq with {} and HTTP headers {"HTTP_REFERER"=>"/contact"}
REQUESTING PAGE: GET /help with {} and HTTP headers {"HTTP_REFERER"=>"/faq"}
REQUESTING PAGE: GET /community with {} and HTTP headers {"HTTP_REFERER"=>"/help"}
REQUESTING PAGE: GET /gallery with {} and HTTP headers {"HTTP_REFERER"=>"/community"}
REQUESTING PAGE: GET /multimedia with {} and HTTP headers {"HTTP_REFERER"=>"/gallery"}
REQUESTING PAGE: GET /ranking with {} and HTTP headers {"HTTP_REFERER"=>"/multimedia"}
REQUESTING PAGE: GET /blog with {} and HTTP headers {"HTTP_REFERER"=>"/ranking"}
REQUESTING PAGE: GET / with {} and HTTP headers {}
REQUESTING PAGE: GET /signup with {} and HTTP headers {"HTTP_REFERER"=>"/"}
REQUESTING PAGE: GET /contact with {} and HTTP headers {"HTTP_REFERER"=>"/signup"}
REQUESTING PAGE: GET /faq with {} and HTTP headers {"HTTP_REFERER"=>"/contact"}
REQUESTING PAGE: GET /help with {} and HTTP headers {"HTTP_REFERER"=>"/faq"}
REQUESTING PAGE: GET /community with {} and HTTP headers {"HTTP_REFERER"=>"/help"}
REQUESTING PAGE: GET /gallery with {} and HTTP headers {"HTTP_REFERER"=>"/community"}
REQUESTING PAGE: GET /multimedia with {} and HTTP headers {"HTTP_REFERER"=>"/gallery"}
REQUESTING PAGE: GET /ranking with {} and HTTP headers {"HTTP_REFERER"=>"/multimedia"}
REQUESTING PAGE: GET /blog with {} and HTTP headers {"HTTP_REFERER"=>"/ranking"}
REQUESTING PAGE: GET / with {} and HTTP headers {}
REQUESTING PAGE: GET /signup with {} and HTTP headers {"HTTP_REFERER"=>"/"}
REQUESTING PAGE: GET /contact with {} and HTTP headers {"HTTP_REFERER"=>"/signup"}
REQUESTING PAGE: GET /faq with {} and HTTP headers {"HTTP_REFERER"=>"/contact"}
REQUESTING PAGE: GET /help with {} and HTTP headers {"HTTP_REFERER"=>"/faq"}
REQUESTING PAGE: GET /community with {} and HTTP headers {"HTTP_REFERER"=>"/help"}
REQUESTING PAGE: GET /gallery with {} and HTTP headers {"HTTP_REFERER"=>"/community"}
REQUESTING PAGE: GET /multimedia with {} and HTTP headers {"HTTP_REFERER"=>"/gallery"}
REQUESTING PAGE: GET /ranking with {} and HTTP headers {"HTTP_REFERER"=>"/multimedia"}
REQUESTING PAGE: GET /blog with {} and HTTP headers {"HTTP_REFERER"=>"/ranking"}
REQUESTING PAGE: GET / with {} and HTTP headers {}
REQUESTING PAGE: GET /signup with {} and HTTP headers {"HTTP_REFERER"=>"/"}
REQUESTING PAGE: GET /contact with {} and HTTP headers {"HTTP_REFERER"=>"/signup"}
REQUESTING PAGE: GET /faq with {} and HTTP headers {"HTTP_REFERER"=>"/contact"}
REQUESTING PAGE: GET /help with {} and HTTP headers {"HTTP_REFERER"=>"/faq"}
REQUESTING PAGE: GET /community with {} and HTTP headers {"HTTP_REFERER"=>"/help"}
REQUESTING PAGE: GET /gallery with {} and HTTP headers {"HTTP_REFERER"=>"/community"}
REQUESTING PAGE: GET /multimedia with {} and HTTP headers {"HTTP_REFERER"=>"/gallery"}
REQUESTING PAGE: GET /ranking with {} and HTTP headers {"HTTP_REFERER"=>"/multimedia"}
REQUESTING PAGE: GET /blog with {} and HTTP headers {"HTTP_REFERER"=>"/ranking"}
